[debug] [2025-05-28T06:02:48.970Z] ----------------------------------------------------------------------
[debug] [2025-05-28T06:02:48.974Z] Command:       C:\nvm4w\nodejs\node.exe C:\nvm4w\nodejs\node_modules\firebase-tools\lib\bin\firebase.js init
[debug] [2025-05-28T06:02:48.974Z] CLI Version:   14.4.0
[debug] [2025-05-28T06:02:48.974Z] Platform:      win32
[debug] [2025-05-28T06:02:48.974Z] Node Version:  v20.19.2
[debug] [2025-05-28T06:02:48.974Z] Time:          Wed May 28 2025 11:32:48 GMT+0530 (India Standard Time)
[debug] [2025-05-28T06:02:48.974Z] ----------------------------------------------------------------------
[debug] 
[debug] [2025-05-28T06:02:48.977Z] >>> [apiv2][query] GET https://firebase-public.firebaseio.com/cli.json [none]
[debug] [2025-05-28T06:02:49.028Z] > command requires scopes: ["email","openid","https://www.googleapis.com/auth/cloudplatformprojects.readonly","https://www.googleapis.com/auth/firebase","https://www.googleapis.com/auth/cloud-platform"]
[debug] [2025-05-28T06:02:49.028Z] > authorizing via signed-in user (garena1144q@gmail.com)
[info] 
     ######## #### ########  ######## ########     ###     ######  ########
     ##        ##  ##     ## ##       ##     ##  ##   ##  ##       ##
     ######    ##  ########  ######   ########  #########  ######  ######
     ##        ##  ##    ##  ##       ##     ## ##     ##       ## ##
     ##       #### ##     ## ######## ########  ##     ##  ######  ########

You're about to initialize a Firebase project in this directory:

  E:\rt_app\face-cluster-app\client

[debug] [2025-05-28T06:02:49.640Z] <<< [apiv2][status] GET https://firebase-public.firebaseio.com/cli.json 200
[debug] [2025-05-28T06:02:49.641Z] <<< [apiv2][body] GET https://firebase-public.firebaseio.com/cli.json {"cloudBuildErrorAfter":1594252800000,"cloudBuildWarnAfter":1590019200000,"defaultNode10After":1594252800000,"minVersion":"3.0.5","node8DeploysDisabledAfter":1613390400000,"node8RuntimeDisabledAfter":1615809600000,"node8WarnAfter":1600128000000}
[info] 
=== Project Setup
[info] 
[info] First, let's associate this project directory with a Firebase project.
[info] You can create multiple project aliases by running firebase use --add, 
[info] but for now we'll just set up a default project.
[info] 
[debug] [2025-05-28T06:03:31.461Z] Checked if tokens are valid: false, expires at: 1738641472304
[debug] [2025-05-28T06:03:31.461Z] Checked if tokens are valid: false, expires at: 1738641472304
[debug] [2025-05-28T06:03:31.462Z] > refreshing access token with scopes: []
[debug] [2025-05-28T06:03:31.463Z] >>> [apiv2][query] POST https://www.googleapis.com/oauth2/v3/token [none]
[debug] [2025-05-28T06:03:31.463Z] >>> [apiv2][body] POST https://www.googleapis.com/oauth2/v3/token [omitted]
[debug] [2025-05-28T06:03:31.772Z] <<< [apiv2][status] POST https://www.googleapis.com/oauth2/v3/token 400
[debug] [2025-05-28T06:03:31.772Z] <<< [apiv2][body] POST https://www.googleapis.com/oauth2/v3/token [omitted]
[debug] [2025-05-28T06:03:31.775Z] >>> [apiv2][query] GET https://firebase.googleapis.com/v1beta1/projects pageSize=100
[debug] [2025-05-28T06:03:32.158Z] <<< [apiv2][status] GET https://firebase.googleapis.com/v1beta1/projects 401
[debug] [2025-05-28T06:03:32.159Z] <<< [apiv2][body] GET https://firebase.googleapis.com/v1beta1/projects [omitted]
[debug] [2025-05-28T06:03:32.159Z] Got a 401 Unauthenticated error for a call that required authentication. Refreshing tokens.
[debug] [2025-05-28T06:03:32.159Z] Checked if tokens are valid: false, expires at: 1738641472304
[debug] [2025-05-28T06:03:32.159Z] Checked if tokens are valid: false, expires at: 1738641472304
[debug] [2025-05-28T06:03:32.159Z] > refreshing access token with scopes: []
[debug] [2025-05-28T06:03:32.161Z] >>> [apiv2][query] POST https://www.googleapis.com/oauth2/v3/token [none]
[debug] [2025-05-28T06:03:32.161Z] >>> [apiv2][body] POST https://www.googleapis.com/oauth2/v3/token [omitted]
[debug] [2025-05-28T06:03:32.282Z] <<< [apiv2][status] POST https://www.googleapis.com/oauth2/v3/token 400
[debug] [2025-05-28T06:03:32.283Z] <<< [apiv2][body] POST https://www.googleapis.com/oauth2/v3/token [omitted]
[debug] [2025-05-28T06:03:32.285Z] Request to https://firebase.googleapis.com/v1beta1/projects?pageSize=100 had HTTP Error: 401, Request had invalid authentication credentials. Expected OAuth 2 access token, login cookie or other valid authentication credential. See https://developers.google.com/identity/sign-in/web/devconsole-project.
[debug] [2025-05-28T06:03:32.631Z] FirebaseError: Request to https://firebase.googleapis.com/v1beta1/projects?pageSize=100 had HTTP Error: 401, Request had invalid authentication credentials. Expected OAuth 2 access token, login cookie or other valid authentication credential. See https://developers.google.com/identity/sign-in/web/devconsole-project.
    at responseToError (C:\Users\ganna\AppData\Local\nvm\v20.19.2\node_modules\firebase-tools\lib\responseToError.js:52:12)
    at RetryOperation._fn (C:\Users\ganna\AppData\Local\nvm\v20.19.2\node_modules\firebase-tools\lib\apiv2.js:312:77)
    at process.processTicksAndRejections (node:internal/process/task_queues:95:5)
[error] 
[error] Error: Failed to list Firebase projects. See firebase-debug.log for more info.
